Removing miniconda version 22.11.1-1
Loading miniconda version 22.11.1-1
Mon Jul 15 19:21:14 UTC 2024
/work/pi_cjgleason_umass_edu/.conda/envs/small-rivers-1/lib/python3.12/site-packages/pyogrio/raw.py:196: UserWarning: Measured (M) geometry types are not supported. Original type 'Measured 3D MultiLineString' is converted to 'MultiLineString Z'
  return ogr_read(
Traceback (most recent call last):
  File "pyogrio/_io.pyx", line 2095, in pyogrio._io.create_ogr_dataset_layer
  File "pyogrio/_io.pyx", line 219, in pyogrio._io.ogr_open
pyogrio.errors.DataSourceError: database is locked

During handling of the above exception, another exception occurred:

Traceback (most recent call last):
  File "/nas/cee-water/cjgleason/fiona/narrow_rivers_PIXC/prepNHD.py", line 116, in <module>
    prepNHD(data_path)
  File "/nas/cee-water/cjgleason/fiona/narrow_rivers_PIXC/prepNHD.py", line 113, in prepNHD
    basin.to_file(os.path.join(save_path, save_file), driver='GPKG')
  File "/work/pi_cjgleason_umass_edu/.conda/envs/small-rivers-1/lib/python3.12/site-packages/geopandas/geodataframe.py", line 1536, in to_file
    _to_file(self, filename, driver, schema, index, **kwargs)
  File "/work/pi_cjgleason_umass_edu/.conda/envs/small-rivers-1/lib/python3.12/site-packages/geopandas/io/file.py", line 686, in _to_file
    _to_file_pyogrio(df, filename, driver, schema, crs, mode, metadata, **kwargs)
  File "/work/pi_cjgleason_umass_edu/.conda/envs/small-rivers-1/lib/python3.12/site-packages/geopandas/io/file.py", line 748, in _to_file_pyogrio
    pyogrio.write_dataframe(df, filename, driver=driver, metadata=metadata, **kwargs)
  File "/work/pi_cjgleason_umass_edu/.conda/envs/small-rivers-1/lib/python3.12/site-packages/pyogrio/geopandas.py", line 654, in write_dataframe
    write(
  File "/work/pi_cjgleason_umass_edu/.conda/envs/small-rivers-1/lib/python3.12/site-packages/pyogrio/raw.py", line 709, in write
    ogr_write(
  File "pyogrio/_io.pyx", line 2298, in pyogrio._io.ogr_write
  File "pyogrio/_io.pyx", line 2118, in pyogrio._io.create_ogr_dataset_layer
FileNotFoundError: [Errno 2] No such file or directory: '../narrow_rivers_PIXC_data/NHD_prepped/HUC2_05/NHDPLUS_H_0512_HU4_GDB_prepped.gpkg'
Mon Jul 15 19:48:02 UTC 2024
